Starting shellSort with initial array: [35, 33, 42, 10, 14, 19, 27, 44]
Current gap: 4
Array after inserting element at index 4: [14, 33, 42, 10, 35, 19, 27, 44]
Array after inserting element at index 5: [14, 19, 42, 10, 35, 33, 27, 44]
Array after inserting element at index 6: [14, 19, 27, 10, 35, 33, 42, 44]
Array after inserting element at index 7: [14, 19, 27, 10, 35, 33, 42, 44]
Current gap: 2
Array after inserting element at index 2: [14, 19, 27, 10, 35, 33, 42, 44]
Array after inserting element at index 3: [14, 10, 27, 19, 35, 33, 42, 44]
Array after inserting element at index 4: [14, 10, 27, 19, 35, 33, 42, 44]
Array after inserting element at index 5: [14, 10, 27, 19, 35, 33, 42, 44]
Array after inserting element at index 6: [14, 10, 27, 19, 35, 33, 42, 44]
Array after inserting element at index 7: [14, 10, 27, 19, 35, 33, 42, 44]
Current gap: 1
Array after inserting element at index 1: [10, 14, 27, 19, 35, 33, 42, 44]
Array after inserting element at index 2: [10, 14, 27, 19, 35, 33, 42, 44]
Array after inserting element at index 3: [10, 14, 19, 27, 35, 33, 42, 44]
Array after inserting element at index 4: [10, 14, 19, 27, 35, 33, 42, 44]
Array after inserting element at index 5: [10, 14, 19, 27, 33, 35, 42, 44]
Array after inserting element at index 6: [10, 14, 19, 27, 33, 35, 42, 44]
Array after inserting element at index 7: [10, 14, 19, 27, 33, 35, 42, 44]
Array after sorting: [10, 14, 19, 27, 33, 35, 42, 44]
